2023-07-16 11:52:23 [main] INFO  hooks:22 - ===============================================================
2023-07-16 11:52:23 [main] INFO  hooks:23 - |          Test is Starting...
2023-07-16 11:52:23 [main] INFO  hooks:24 - |          Operating System : Mac OS X
2023-07-16 11:52:23 [main] INFO  hooks:25 - |          Tested by: Kubilay Dogan
2023-07-16 11:52:23 [main] INFO  hooks:26 - ===============================================================

2023-07-16 11:52:23 [main] INFO  hooks:33 - ===============================================================
2023-07-16 11:52:23 [main] INFO  hooks:34 - |          Scenario Name: Login with valid admin credentials
2023-07-16 11:52:23 [main] INFO  hooks:35 - ===============================================================
2023-07-16 11:52:23 [main] INFO  LoginPage:10 - Login as admin started!
2023-07-16 11:52:23 [main] INFO  hooks:33 - ===============================================================
2023-07-16 11:52:23 [main] INFO  hooks:34 - |          Scenario Name: Login with valid manager credentials
2023-07-16 11:52:23 [main] INFO  hooks:35 - ===============================================================
2023-07-16 11:52:23 [main] INFO  LoginPage:10 - Login as manager started!
2023-07-16 11:52:23 [main] INFO  hooks:33 - ===============================================================
2023-07-16 11:52:23 [main] INFO  hooks:34 - |          Scenario Name: Error level Log sample
2023-07-16 11:52:23 [main] INFO  hooks:35 - ===============================================================
2023-07-16 11:52:23 [main] ERROR stepDefs:23 - Error occurred when doing the transaction: java.lang.ArithmeticException: / by zero
2023-07-16 11:52:23 [main] ERROR stepDefs:24 - Error occurred when doing the transaction: / by zero
2023-07-16 11:52:26 [main] INFO  WebDriverManager:1237 - Using chromedriver 114.0.5735.90 (resolved driver for Chrome 114)
2023-07-16 11:52:26 [main] INFO  WebDriverManager:1290 - Exporting webdriver.chrome.driver as /Users/kubilaydogan/.cache/selenium/chromedriver/mac64/114.0.5735.90/chromedriver
